Flow report for RegistratorePortatile_v2
Mon Mar 25 00:07:07 2013
Quartus II Version 9.1 Build 222 10/21/2009 SJ Full Version


---------------------
; Table of Contents ;
---------------------
  1. Legal Notice
  2. Flow Summary
  3. Flow Settings
  4. Flow Non-Default Global Settings
  5. Flow Elapsed Time
  6. Flow OS Summary
  7. Flow Log



----------------
; Legal Notice ;
----------------
Copyright (C) 1991-2009 Altera Corporation
Your use of Altera Corporation's design tools, logic functions 
and other software and tools, and its AMPP partner logic 
functions, and any output files from any of the foregoing 
(including device programming or simulation files), and any 
associated documentation or information are expressly subject 
to the terms and conditions of the Altera Program License 
Subscription Agreement, Altera MegaCore Function License 
Agreement, or other applicable license agreement, including, 
without limitation, that your use is for the sole purpose of 
programming logic devices manufactured by Altera and sold by 
Altera or its authorized distributors.  Please refer to the 
applicable agreement for further details.



+-------------------------------------------------------------------------------+
; Flow Summary                                                                  ;
+------------------------------------+------------------------------------------+
; Flow Status                        ; Successful - Mon Mar 25 00:07:07 2013    ;
; Quartus II Version                 ; 9.1 Build 222 10/21/2009 SJ Full Version ;
; Revision Name                      ; RegistratorePortatile_v2                 ;
; Top-level Entity Name              ; RegistratorePortatile                    ;
; Family                             ; Cyclone II                               ;
; Device                             ; EP2C20F484C7                             ;
; Timing Models                      ; Final                                    ;
; Met timing requirements            ; Yes                                      ;
; Total logic elements               ; 1,395 / 18,752 ( 7 % )                   ;
;     Total combinational functions  ; 1,327 / 18,752 ( 7 % )                   ;
;     Dedicated logic registers      ; 694 / 18,752 ( 4 % )                     ;
; Total registers                    ; 760                                      ;
; Total pins                         ; 142 / 315 ( 45 % )                       ;
; Total virtual pins                 ; 0                                        ;
; Total memory bits                  ; 87,040 / 239,616 ( 36 % )                ;
; Embedded Multiplier 9-bit elements ; 0 / 52 ( 0 % )                           ;
; Total PLLs                         ; 1 / 4 ( 25 % )                           ;
+------------------------------------+------------------------------------------+


+----------------------------------------------+
; Flow Settings                                ;
+-------------------+--------------------------+
; Option            ; Setting                  ;
+-------------------+--------------------------+
; Start date & time ; 03/25/2013 00:06:03      ;
; Main task         ; Compilation              ;
; Revision Name     ; RegistratorePortatile_v2 ;
+-------------------+--------------------------+


+----------------------------------------------------------------------------------------------------------------------------------------------------------------------------------------------------------------------------------------------------------------------------------------------------------------------+
; Flow Non-Default Global Settings                                                                                                                                                                                                                                                                                     ;
+-----------------------------------------+------------------------------------------------------------------------------------------------------------------------------------------------------------------------------------------------------+--------------------------------+-----------------------+------------+
; Assignment Name                         ; Value                                                                                                                                                                                                ; Default Value                  ; Entity Name           ; Section Id ;
+-----------------------------------------+------------------------------------------------------------------------------------------------------------------------------------------------------------------------------------------------------+--------------------------------+-----------------------+------------+
; ADD_PASS_THROUGH_LOGIC_TO_INFERRED_RAMS ; Off                                                                                                                                                                                                  ; On                             ; --                    ; --         ;
; AUTO_RAM_RECOGNITION                    ; Off                                                                                                                                                                                                  ; On                             ; --                    ; --         ;
; AUTO_RAM_TO_LCELL_CONVERSION            ; On                                                                                                                                                                                                   ; Off                            ; --                    ; --         ;
; COMPILER_SIGNATURE_ID                   ; 123474403142.136416636211088                                                                                                                                                                         ; --                             ; --                    ; --         ;
; ENABLE_DA_RULE                          ; C101, C102, C103, C104, C105, C106, R101, R102, R103, R104, R105, T101, T102, A101, A102, A103, A104, A105, A106, A107, A108, S101, S102, S103, S104, D101, D102, D103, M101, M102, M103, M104, M105 ; --                             ; --                    ; --         ;
; MAX_CORE_JUNCTION_TEMP                  ; 85                                                                                                                                                                                                   ; --                             ; --                    ; --         ;
; MIN_CORE_JUNCTION_TEMP                  ; 0                                                                                                                                                                                                    ; --                             ; --                    ; --         ;
; MISC_FILE                               ; D:/Andridocs/Dropbox/DaArchiviare/Progetto Reti Logiche/voice_recorder_demo/voice_recorder_demo/vr.dpf                                                                                               ; --                             ; --                    ; --         ;
; MISC_FILE                               ; D:/Andridocs/Universita/Reti Logiche/Progetto/VoiceRecorder_DE1/vr.dpf                                                                                                                               ; --                             ; --                    ; --         ;
; NUM_PARALLEL_PROCESSORS                 ; 4                                                                                                                                                                                                    ; --                             ; --                    ; --         ;
; OPTIMIZE_HOLD_TIMING                    ; All Paths                                                                                                                                                                                            ; IO Paths and Minimum TPD Paths ; --                    ; --         ;
; PARTITION_COLOR                         ; 2147039                                                                                                                                                                                              ; --                             ; RegistratorePortatile ; Top        ;
; PARTITION_NETLIST_TYPE                  ; SOURCE                                                                                                                                                                                               ; --                             ; RegistratorePortatile ; Top        ;
; SMART_RECOMPILE                         ; On                                                                                                                                                                                                   ; Off                            ; --                    ; --         ;
; TOP_LEVEL_ENTITY                        ; RegistratorePortatile                                                                                                                                                                                ; RegistratorePortatile_v2       ; --                    ; --         ;
; USE_GENERATED_PHYSICAL_CONSTRAINTS      ; Off                                                                                                                                                                                                  ; --                             ; --                    ; eda_palace ;
; VERILOG_INPUT_VERSION                   ; SystemVerilog_2005                                                                                                                                                                                   ; Verilog_2001                   ; --                    ; --         ;
; VERILOG_SHOW_LMF_MAPPING_MESSAGES       ; Off                                                                                                                                                                                                  ; --                             ; --                    ; --         ;
+-----------------------------------------+------------------------------------------------------------------------------------------------------------------------------------------------------------------------------------------------------+--------------------------------+-----------------------+------------+


+-----------------------------------------------------------------------------------------------------------------------------+
; Flow Elapsed Time                                                                                                           ;
+-------------------------+--------------+-------------------------+---------------------+------------------------------------+
; Module Name             ; Elapsed Time ; Average Processors Used ; Peak Virtual Memory ; Total CPU Time (on all processors) ;
+-------------------------+--------------+-------------------------+---------------------+------------------------------------+
; Analysis & Synthesis    ; 00:00:26     ; 1.0                     ; 238 MB              ; 00:00:22                           ;
; Fitter                  ; 00:00:25     ; 1.0                     ; 241 MB              ; 00:00:23                           ;
; Assembler               ; 00:00:03     ; 1.0                     ; 209 MB              ; 00:00:03                           ;
; Classic Timing Analyzer ; 00:00:02     ; 1.0                     ; 154 MB              ; 00:00:02                           ;
; Total                   ; 00:00:56     ; --                      ; --                  ; 00:00:50                           ;
+-------------------------+--------------+-------------------------+---------------------+------------------------------------+


+------------------------------------------------------------------------------------------+
; Flow OS Summary                                                                          ;
+-------------------------+------------------+---------------+------------+----------------+
; Module Name             ; Machine Hostname ; OS Name       ; OS Version ; Processor type ;
+-------------------------+------------------+---------------+------------+----------------+
; Analysis & Synthesis    ; PC-Andrea        ; Windows Vista ; 6.1        ; i686           ;
; Fitter                  ; PC-Andrea        ; Windows Vista ; 6.1        ; i686           ;
; Assembler               ; PC-Andrea        ; Windows Vista ; 6.1        ; i686           ;
; Classic Timing Analyzer ; PC-Andrea        ; Windows Vista ; 6.1        ; i686           ;
+-------------------------+------------------+---------------+------------+----------------+


------------
; Flow Log ;
------------
quartus_map --read_settings_files=on --write_settings_files=off RegistratorePortatile -c RegistratorePortatile_v2
quartus_fit --read_settings_files=off --write_settings_files=off RegistratorePortatile -c RegistratorePortatile_v2
quartus_asm --read_settings_files=off --write_settings_files=off RegistratorePortatile -c RegistratorePortatile_v2
quartus_tan --read_settings_files=off --write_settings_files=off RegistratorePortatile -c RegistratorePortatile_v2 --timing_analysis_only



